# JRE version: OpenJDK Runtime Environment (7.0_79-b14) (build 1.7.0_79-b14)
# Java VM: OpenJDK 64-Bit Server VM (24.79-b02 mixed mode linux-amd64 compressed oops)
Heap
 PSYoungGen      total 217600K, used 0K [0x00000000ebe00000, 0x0000000100000000, 0x0000000100000000)
  eden space 126464K, 0% used [0x00000000ebe00000,0x00000000ebe00000,0x00000000f3980000)
  from space 91136K, 0% used [0x00000000f9680000,0x00000000f9680000,0x00000000fef80000)
  to   space 95232K, 0% used [0x00000000f3980000,0x00000000f3980000,0x00000000f9680000)
 ParOldGen       total 522752K, used 495160K [0x00000000c3a00000, 0x00000000e3880000, 0x00000000ebe00000)
  object space 522752K, 94% used [0x00000000c3a00000,0x00000000e1d8e368,0x00000000e3880000)
 PSPermGen       total 21504K, used 3492K [0x00000000b9400000, 0x00000000ba900000, 0x00000000c3a00000)
  object space 21504K, 16% used [0x00000000b9400000,0x00000000b97692e8,0x00000000ba900000)
GC Heap History (10 events):
Event: 45,719 GC heap after
Heap after GC invocations=28 (full 6):
 PSYoungGen      total 218112K, used 18496K [0x00000000ebe00000, 0x00000000ffe00000, 0x0000000100000000)
  eden space 110592K, 0% used [0x00000000ebe00000,0x00000000ebe00000,0x00000000f2a00000)
  from space 107520K, 17% used [0x00000000f9500000,0x00000000fa710000,0x00000000ffe00000)
  to   space 108544K, 0% used [0x00000000f2a00000,0x00000000f2a00000,0x00000000f9400000)
 ParOldGen       total 522752K, used 391212K [0x00000000c3a00000, 0x00000000e3880000, 0x00000000ebe00000)
  object space 522752K, 74% used [0x00000000c3a00000,0x00000000db80b020,0x00000000e3880000)
 PSPermGen       total 21504K, used 3492K [0x00000000b9400000, 0x00000000ba900000, 0x00000000c3a00000)
  object space 21504K, 16% used [0x00000000b9400000,0x00000000b97692e8,0x00000000ba900000)
}
Event: 45,951 GC heap before
{Heap before GC invocations=29 (full 6):
 PSYoungGen      total 218112K, used 129088K [0x00000000ebe00000, 0x00000000ffe00000, 0x0000000100000000)
  eden space 110592K, 100% used [0x00000000ebe00000,0x00000000f2a00000,0x00000000f2a00000)
  from space 107520K, 17% used [0x00000000f9500000,0x00000000fa710000,0x00000000ffe00000)
  to   space 108544K, 0% used [0x00000000f2a00000,0x00000000f2a00000,0x00000000f9400000)
 ParOldGen       total 522752K, used 391212K [0x00000000c3a00000, 0x00000000e3880000, 0x00000000ebe00000)
  object space 522752K, 74% used [0x00000000c3a00000,0x00000000db80b020,0x00000000e3880000)
 PSPermGen       total 21504K, used 3492K [0x00000000b9400000, 0x00000000ba900000, 0x00000000c3a00000)
  object space 21504K, 16% used [0x00000000b9400000,0x00000000b97692e8,0x00000000ba900000)
Event: 46,408 GC heap after
Heap after GC invocations=29 (full 6):
 PSYoungGen      total 147968K, used 36992K [0x00000000ebe00000, 0x00000000ff500000, 0x0000000100000000)
  eden space 110592K, 0% used [0x00000000ebe00000,0x00000000ebe00000,0x00000000f2a00000)
  from space 37376K, 98% used [0x00000000f2a00000,0x00000000f4e20000,0x00000000f4e80000)
  to   space 102400K, 0% used [0x00000000f9100000,0x00000000f9100000,0x00000000ff500000)
 ParOldGen       total 522752K, used 391212K [0x00000000c3a00000, 0x00000000e3880000, 0x00000000ebe00000)
  object space 522752K, 74% used [0x00000000c3a00000,0x00000000db80b020,0x00000000e3880000)
 PSPermGen       total 21504K, used 3492K [0x00000000b9400000, 0x00000000ba900000, 0x00000000c3a00000)
  object space 21504K, 16% used [0x00000000b9400000,0x00000000b97692e8,0x00000000ba900000)
}
Event: 46,535 GC heap before
{Heap before GC invocations=30 (full 6):
 PSYoungGen      total 147968K, used 147584K [0x00000000ebe00000, 0x00000000ff500000, 0x0000000100000000)
  eden space 110592K, 100% used [0x00000000ebe00000,0x00000000f2a00000,0x00000000f2a00000)
  from space 37376K, 98% used [0x00000000f2a00000,0x00000000f4e20000,0x00000000f4e80000)
  to   space 102400K, 0% used [0x00000000f9100000,0x00000000f9100000,0x00000000ff500000)
 ParOldGen       total 522752K, used 391212K [0x00000000c3a00000, 0x00000000e3880000, 0x00000000ebe00000)
  object space 522752K, 74% used [0x00000000c3a00000,0x00000000db80b020,0x00000000e3880000)
 PSPermGen       total 21504K, used 3492K [0x00000000b9400000, 0x00000000ba900000, 0x00000000c3a00000)
  object space 21504K, 16% used [0x00000000b9400000,0x00000000b97692e8,0x00000000ba900000)
Event: 47,108 GC heap after
Heap after GC invocations=30 (full 6):
 PSYoungGen      total 221696K, used 36960K [0x00000000ebe00000, 0x0000000100000000, 0x0000000100000000)
  eden space 119296K, 0% used [0x00000000ebe00000,0x00000000ebe00000,0x00000000f3280000)
  from space 102400K, 36% used [0x00000000f9100000,0x00000000fb518000,0x00000000ff500000)
  to   space 96768K, 0% used [0x00000000f3280000,0x00000000f3280000,0x00000000f9100000)
 ParOldGen       total 522752K, used 409732K [0x00000000c3a00000, 0x00000000e3880000, 0x00000000ebe00000)
  object space 522752K, 78% used [0x00000000c3a00000,0x00000000dca21020,0x00000000e3880000)
 PSPermGen       total 21504K, used 3492K [0x00000000b9400000, 0x00000000ba900000, 0x00000000c3a00000)
  object space 21504K, 16% used [0x00000000b9400000,0x00000000b97692e8,0x00000000ba900000)
}
Event: 47,265 GC heap before
{Heap before GC invocations=31 (full 6):
 PSYoungGen      total 221696K, used 156256K [0x00000000ebe00000, 0x0000000100000000, 0x0000000100000000)
  eden space 119296K, 100% used [0x00000000ebe00000,0x00000000f3280000,0x00000000f3280000)
  from space 102400K, 36% used [0x00000000f9100000,0x00000000fb518000,0x00000000ff500000)
  to   space 96768K, 0% used [0x00000000f3280000,0x00000000f3280000,0x00000000f9100000)
 ParOldGen       total 522752K, used 409732K [0x00000000c3a00000, 0x00000000e3880000, 0x00000000ebe00000)
  object space 522752K, 78% used [0x00000000c3a00000,0x00000000dca21020,0x00000000e3880000)
 PSPermGen       total 21504K, used 3492K [0x00000000b9400000, 0x00000000ba900000, 0x00000000c3a00000)
  object space 21504K, 16% used [0x00000000b9400000,0x00000000b97692e8,0x00000000ba900000)
Event: 48,209 GC heap after
Heap after GC invocations=31 (full 6):
 PSYoungGen      total 216064K, used 38432K [0x00000000ebe00000, 0x00000000fef80000, 0x0000000100000000)
  eden space 119296K, 0% used [0x00000000ebe00000,0x00000000ebe00000,0x00000000f3280000)
  from space 96768K, 39% used [0x00000000f3280000,0x00000000f5808000,0x00000000f9100000)
  to   space 91136K, 0% used [0x00000000f9680000,0x00000000f9680000,0x00000000fef80000)
 ParOldGen       total 522752K, used 428252K [0x00000000c3a00000, 0x00000000e3880000, 0x00000000ebe00000)
  object space 522752K, 81% used [0x00000000c3a00000,0x00000000ddc37020,0x00000000e3880000)
 PSPermGen       total 21504K, used 3492K [0x00000000b9400000, 0x00000000ba900000, 0x00000000c3a00000)
  object space 21504K, 16% used [0x00000000b9400000,0x00000000b97692e8,0x00000000ba900000)
}
Event: 48,418 GC heap before
{Heap before GC invocations=32 (full 6):
 PSYoungGen      total 216064K, used 157728K [0x00000000ebe00000, 0x00000000fef80000, 0x0000000100000000)
  eden space 119296K, 100% used [0x00000000ebe00000,0x00000000f3280000,0x00000000f3280000)
  from space 96768K, 39% used [0x00000000f3280000,0x00000000f5808000,0x00000000f9100000)
  to   space 91136K, 0% used [0x00000000f9680000,0x00000000f9680000,0x00000000fef80000)
 ParOldGen       total 522752K, used 428252K [0x00000000c3a00000, 0x00000000e3880000, 0x00000000ebe00000)
  object space 522752K, 81% used [0x00000000c3a00000,0x00000000ddc37020,0x00000000e3880000)
 PSPermGen       total 21504K, used 3492K [0x00000000b9400000, 0x00000000ba900000, 0x00000000c3a00000)
  object space 21504K, 16% used [0x00000000b9400000,0x00000000b97692e8,0x00000000ba900000)
Event: 48,868 GC heap after
Heap after GC invocations=32 (full 6):
 PSYoungGen      total 217600K, used 65026K [0x00000000ebe00000, 0x0000000100000000, 0x0000000100000000)
  eden space 126464K, 0% used [0x00000000ebe00000,0x00000000ebe00000,0x00000000f3980000)
  from space 91136K, 71% used [0x00000000f9680000,0x00000000fd600a88,0x00000000fef80000)
  to   space 95232K, 0% used [0x00000000f3980000,0x00000000f3980000,0x00000000f9680000)
 ParOldGen       total 522752K, used 466732K [0x00000000c3a00000, 0x00000000e3880000, 0x00000000ebe00000)
  object space 522752K, 89% used [0x00000000c3a00000,0x00000000e01cb020,0x00000000e3880000)
 PSPermGen       total 21504K, used 3492K [0x00000000b9400000, 0x00000000ba900000, 0x00000000c3a00000)
  object space 21504K, 16% used [0x00000000b9400000,0x00000000b97692e8,0x00000000ba900000)
}
Event: 48,868 GC heap before
{Heap before GC invocations=33 (full 7):
 PSYoungGen      total 217600K, used 65026K [0x00000000ebe00000, 0x0000000100000000, 0x0000000100000000)
  eden space 126464K, 0% used [0x00000000ebe00000,0x00000000ebe00000,0x00000000f3980000)
  from space 91136K, 71% used [0x00000000f9680000,0x00000000fd600a88,0x00000000fef80000)
  to   space 95232K, 0% used [0x00000000f3980000,0x00000000f3980000,0x00000000f9680000)
 ParOldGen       total 522752K, used 466732K [0x00000000c3a00000, 0x00000000e3880000, 0x00000000ebe00000)
  object space 522752K, 89% used [0x00000000c3a00000,0x00000000e01cb020,0x00000000e3880000)
 PSPermGen       total 21504K, used 3492K [0x00000000b9400000, 0x00000000ba900000, 0x00000000c3a00000)
  object space 21504K, 16% used [0x00000000b9400000,0x00000000b97692e8,0x00000000ba900000)

